682319343	40.000000	ijk
682319343	21.000000	ikj
682319343	33.000000	jik
682319343	40.000000	jki
682319343	22.000000	kij
682319343	40.000000	kji
682319343	40.000000	ijk
682319343	21.000000	ikj
682319343	34.000000	jik
682319343	40.000000	jki
682319343	21.000000	kij
682319343	40.000000	kji
682319343	40.000000	ijk
682319343	22.000000	ikj
682319343	33.000000	jik
682319343	40.000000	jki
682319343	21.000000	kij
682319343	41.000000	kji
682319343	40.000000	ijk
682319343	21.000000	ikj
682319343	34.000000	jik
682319343	40.000000	jki
682319343	22.000000	kij
682319343	40.000000	kji
