682319343	14.000000	ijk
682319343	4.000000	ikj
682319343	10.000000	jik
682319343	27.000000	jki
682319343	4.000000	kij
682319343	16.000000	kji
682319343	15.000000	ijk
682319343	3.000000	ikj
682319343	9.000000	jik
682319343	26.000000	jki
682319343	3.000000	kij
682319343	16.000000	kji
682319343	14.000000	ijk
682319343	3.000000	ikj
682319343	11.000000	jik
682319343	26.000000	jki
682319343	3.000000	kij
682319343	16.000000	kji
682319343	14.000000	ijk
682319343	3.000000	ikj
682319343	10.000000	jik
682319343	26.000000	jki
682319343	3.000000	kij
682319343	16.000000	kji
