682319343	26.000000	ijk
682319343	22.000000	ikj
682319343	25.000000	jik
682319343	23.000000	jki
682319343	23.000000	kij
682319343	23.000000	kji
682319343	26.000000	ijk
682319343	23.000000	ikj
682319343	26.000000	jik
682319343	23.000000	jki
682319343	22.000000	kij
682319343	23.000000	kji
682319343	25.000000	ijk
682319343	22.000000	ikj
682319343	27.000000	jik
682319343	24.000000	jki
682319343	23.000000	kij
682319343	23.000000	kji
682319343	26.000000	ijk
682319343	23.000000	ikj
682319343	26.000000	jik
682319343	24.000000	jki
682319343	22.000000	kij
682319343	24.000000	kji
