682319343	6.000000	ijk
682319343	4.000000	ikj
682319343	5.000000	jik
682319343	6.000000	jki
682319343	4.000000	kij
682319343	5.000000	kji
682319343	6.000000	ijk
682319343	4.000000	ikj
682319343	6.000000	jik
682319343	6.000000	jki
682319343	4.000000	kij
682319343	6.000000	kji
682319343	5.000000	ijk
682319343	4.000000	ikj
682319343	6.000000	jik
682319343	6.000000	jki
682319343	4.000000	kij
682319343	6.000000	kji
682319343	6.000000	ijk
682319343	3.000000	ikj
682319343	6.000000	jik
682319343	6.000000	jki
682319343	4.000000	kij
682319343	6.000000	kji
