process 0 starting..
0 calling send to 1
process 1 starting..
1 calling receive from 0
process 2 starting..
2 calling receive from 0
process 3 starting..
3 calling receive from 1
process 4 starting..
4 calling receive from 1
process 7 starting..
7 calling receive from 3
process 8 starting..
8 calling receive from 3
process 12 starting..
12 calling receive from 5
process 11 starting..
11 calling receive from 5
process 5 starting..
5 calling receive from 2
process 6 starting..
6 calling receive from 2
process 20 starting..
20 calling receive from 9
process 19 starting..
19 calling receive from 9
process 16 starting..
16 calling receive from 7
process 15 starting..
15 calling receive from 7
process 10 starting..
10 calling receive from 4
process 9 starting..
9 calling receive from 4
process 51 starting..
51 calling receive from 25
process 52 starting..
52 calling receive from 25
process 48 starting..
48 calling receive from 23
process 47 starting..
47 calling receive from 23
process 36 starting..
36 calling receive from 17
process 35 starting..
35 calling receive from 17
process 32 starting..
32 calling receive from 15
process 31 starting..
31 calling receive from 15
process 63 starting..
63 calling receive from 31
process 28 starting..
28 calling receive from 13
process 27 starting..
27 calling receive from 13
process 84 starting..
84 calling receive from 41
process 83 starting..
83 calling receive from 41
process 80 starting..
80 calling receive from 39
process 79 starting..
79 calling receive from 39
process 67 starting..
67 calling receive from 33
process 68 starting..
68 calling receive from 33
process 64 starting..
64 calling receive from 31
process 24 starting..
24 calling receive from 11
process 18 starting..
18 calling receive from 8
process 17 starting..
17 calling receive from 8
process 23 starting..
23 calling receive from 11
process 33 starting..
33 calling receive from 16
process 34 starting..
34 calling receive from 16
process 39 starting..
39 calling receive from 19
process 40 starting..
40 calling receive from 19
process 49 starting..
49 calling receive from 24
process 50 starting..
50 calling receive from 24
process 43 starting..
43 calling receive from 21
process 44 starting..
44 calling receive from 21
process 14 starting..
14 calling receive from 6
process 13 starting..
13 calling receive from 6
process 99 starting..
99 calling receive from 49
process 96 starting..
96 calling receive from 47
process 65 starting..
65 calling receive from 32
process 66 starting..
66 calling receive from 32
process 25 starting..
25 calling receive from 12
process 81 starting..
81 calling receive from 40
process 82 starting..
82 calling receive from 40
process 76 starting..
76 calling receive from 37
process 75 starting..
75 calling receive from 37
process 71 starting..
71 calling receive from 35
process 26 starting..
26 calling receive from 12
process 72 starting..
72 calling receive from 35
process 95 starting..
95 calling receive from 47
process 41 starting..
41 calling receive from 20
process 42 starting..
42 calling receive from 20
process 59 starting..
59 calling receive from 29
process 60 starting..
60 calling receive from 29
process 55 starting..
55 calling receive from 27
process 56 starting..
56 calling receive from 27
process 98 starting..
98 calling receive from 48
process 97 starting..
97 calling receive from 48
process 73 starting..
73 calling receive from 36
process 74 starting..
74 calling receive from 36
process 22 starting..
22 calling receive from 10
process 21 starting..
21 calling receive from 10
process 30 starting..
30 calling receive from 14
process 29 starting..
29 calling receive from 14
process 58 starting..
58 calling receive from 28
process 57 starting..
57 calling receive from 28
process 38 starting..
38 calling receive from 18
process 37 starting..
37 calling receive from 18
process 46 starting..
46 calling receive from 22
process 45 starting..
45 calling receive from 22
process 70 starting..
70 calling receive from 34
process 69 starting..
69 calling receive from 34
process 78 starting..
78 calling receive from 38
process 77 starting..
77 calling receive from 38
process 92 starting..
92 calling receive from 45
process 91 starting..
91 calling receive from 45
process 87 starting..
87 calling receive from 43
process 88 starting..
88 calling receive from 43
process 54 starting..
54 calling receive from 26
process 53 starting..
53 calling receive from 26
process 61 starting..
61 calling receive from 30
process 62 starting..
62 calling receive from 30
process 90 starting..
90 calling receive from 44
process 89 starting..
89 calling receive from 44
process 86 starting..
86 calling receive from 42
process 85 starting..
85 calling receive from 42
process 94 starting..
94 calling receive from 46
process 93 starting..
93 calling receive from 46
1 just received from 0
1 calling send to 3
0 sent to 1
0 calling send to 2
2 just received from 0
2 calling send to 5
0 sent to 2
process 0 ending..
3 just received from 1
3 calling send to 7
1 sent to 3
1 calling send to 4
4 just received from 1
4 calling send to 9
1 sent to 4
process 1 ending..
5 just received from 2
5 calling send to 11
2 sent to 5
2 calling send to 6
7 just received from 3
7 calling send to 15
3 sent to 7
3 calling send to 8
6 just received from 2
6 calling send to 13
2 sent to 6
process 2 ending..
8 just received from 3
8 calling send to 17
3 sent to 8
process 3 ending..
9 just received from 4
9 calling send to 19
4 sent to 9
4 calling send to 10
11 just received from 5
11 calling send to 23
5 sent to 11
5 calling send to 12
15 just received from 7
15 calling send to 31
7 sent to 15
7 calling send to 16
10 just received from 4
10 calling send to 21
4 sent to 10
process 4 ending..
13 just received from 6
13 calling send to 27
6 sent to 13
6 calling send to 14
12 just received from 5
12 calling send to 25
5 sent to 12
process 5 ending..
17 just received from 8
17 calling send to 35
8 sent to 17
8 calling send to 18
19 just received from 9
19 calling send to 39
9 sent to 19
9 calling send to 20
16 just received from 7
16 calling send to 33
7 sent to 16
process 7 ending..
23 just received from 11
23 calling send to 47
11 sent to 23
11 calling send to 24
31 just received from 15
31 calling send to 63
15 sent to 31
15 calling send to 32
14 just received from 6
14 calling send to 29
6 sent to 14
process 6 ending..
18 just received from 8
18 calling send to 37
8 sent to 18
process 8 ending..
20 just received from 9
20 calling send to 41
9 sent to 20
process 9 ending..
27 just received from 13
27 calling send to 55
13 sent to 27
13 calling send to 28
25 just received from 12
25 calling send to 51
12 sent to 25
12 calling send to 26
21 just received from 10
21 calling send to 43
10 sent to 21
10 calling send to 22
24 just received from 11
24 calling send to 49
11 sent to 24
process 11 ending..
35 just received from 17
35 calling send to 71
17 sent to 35
17 calling send to 36
33 just received from 16
33 calling send to 67
16 sent to 33
16 calling send to 34
39 just received from 19
39 calling send to 79
19 sent to 39
19 calling send to 40
32 just received from 15
32 calling send to 65
15 sent to 32
process 15 ending..
47 just received from 23
47 calling send to 95
23 sent to 47
23 calling send to 48
63 just received from 31
process 63 ending..
31 sent to 63
31 calling send to 64
29 just received from 14
29 calling send to 59
14 sent to 29
14 calling send to 30
28 just received from 13
28 calling send to 57
13 sent to 28
process 13 ending..
26 just received from 12
26 calling send to 53
12 sent to 26
process 12 ending..
22 just received from 10
22 calling send to 45
10 sent to 22
process 10 ending..
37 just received from 18
37 calling send to 75
18 sent to 37
18 calling send to 38
36 just received from 17
36 calling send to 73
17 sent to 36
process 17 ending..
34 just received from 16
34 calling send to 69
16 sent to 34
process 16 ending..
40 just received from 19
40 calling send to 81
19 sent to 40
process 19 ending..
55 just received from 27
process 55 ending..
27 sent to 55
27 calling send to 56
41 just received from 20
41 calling send to 83
20 sent to 41
20 calling send to 42
51 just received from 25
process 51 ending..
25 sent to 51
25 calling send to 52
43 just received from 21
43 calling send to 87
21 sent to 43
21 calling send to 44
49 just received from 24
process 49 ending..
24 sent to 49
24 calling send to 50
48 just received from 23
48 calling send to 97
23 sent to 48
process 23 ending..
71 just received from 35
process 71 ending..
35 sent to 71
35 calling send to 72
79 just received from 39
process 79 ending..
39 sent to 79
39 calling send to 80
67 just received from 33
process 67 ending..
33 sent to 67
33 calling send to 68
65 just received from 32
process 65 ending..
32 sent to 65
32 calling send to 66
95 just received from 47
process 95 ending..
47 sent to 95
47 calling send to 96
64 just received from 31
process 64 ending..
31 sent to 64
process 31 ending..
30 just received from 14
30 calling send to 61
14 sent to 30
process 14 ending..
38 just received from 18
38 calling send to 77
18 sent to 38
process 18 ending..
59 just received from 29
process 59 ending..
29 sent to 59
29 calling send to 60
57 just received from 28
process 57 ending..
28 sent to 57
28 calling send to 58
53 just received from 26
process 53 ending..
26 sent to 53
26 calling send to 54
44 just received from 21
44 calling send to 89
21 sent to 44
process 21 ending..
45 just received from 22
45 calling send to 91
22 sent to 45
22 calling send to 46
56 just received from 27
process 56 ending..
27 sent to 56
process 27 ending..
52 just received from 25
process 52 ending..
25 sent to 52
process 25 ending..
73 just received from 36
process 73 ending..
36 sent to 73
36 calling send to 74
75 just received from 37
process 75 ending..
37 sent to 75
37 calling send to 76
69 just received from 34
process 69 ending..
34 sent to 69
34 calling send to 70
81 just received from 40
process 81 ending..
40 sent to 81
40 calling send to 82
50 just received from 24
process 50 ending..
24 sent to 50
process 24 ending..
83 just received from 41
process 83 ending..
41 sent to 83
41 calling send to 84
87 just received from 43
process 87 ending..
43 sent to 87
43 calling send to 88
97 just received from 48
process 97 ending..
48 sent to 97
48 calling send to 98
72 just received from 35
process 72 ending..
35 sent to 72
process 35 ending..
80 just received from 39
process 80 ending..
39 sent to 80
process 39 ending..
66 just received from 32
process 66 ending..
32 sent to 66
process 32 ending..
68 just received from 33
process 68 ending..
33 sent to 68
process 33 ending..
96 just received from 47
process 96 ending..
47 sent to 96
process 47 ending..
42 just received from 20
42 calling send to 85
20 sent to 42
process 20 ending..
61 just received from 30
process 61 ending..
30 sent to 61
30 calling send to 62
46 just received from 22
46 calling send to 93
22 sent to 46
process 22 ending..
60 just received from 29
process 60 ending..
29 sent to 60
process 29 ending..
58 just received from 28
process 58 ending..
28 sent to 58
process 28 ending..
54 just received from 26
process 54 ending..
26 sent to 54
process 26 ending..
77 just received from 38
process 77 ending..
38 sent to 77
38 calling send to 78
91 just received from 45
process 91 ending..
45 sent to 91
45 calling send to 92
89 just received from 44
process 89 ending..
44 sent to 89
44 calling send to 90
74 just received from 36
process 74 ending..
36 sent to 74
process 36 ending..
70 just received from 34
process 70 ending..
34 sent to 70
process 34 ending..
76 just received from 37
process 76 ending..
37 sent to 76
process 37 ending..
84 just received from 41
process 84 ending..
41 sent to 84
process 41 ending..
82 just received from 40
process 82 ending..
40 sent to 82
process 40 ending..
88 just received from 43
process 88 ending..
43 sent to 88
process 43 ending..
98 just received from 48
process 98 ending..
48 sent to 98
process 48 ending..
85 just received from 42
process 85 ending..
42 sent to 85
42 calling send to 86
62 just received from 30
process 62 ending..
30 sent to 62
process 30 ending..
93 just received from 46
process 93 ending..
46 sent to 93
46 calling send to 94
78 just received from 38
process 78 ending..
38 sent to 78
process 38 ending..
92 just received from 45
process 92 ending..
45 sent to 92
process 45 ending..
90 just received from 44
process 90 ending..
44 sent to 90
process 44 ending..
86 just received from 42
process 86 ending..
42 sent to 86
process 42 ending..
94 just received from 46
process 94 ending..
46 sent to 94
process 46 ending..
