Initial Matrix:
   1  1  1  1  1  1 
   1  5  5  5  5  5 
   1  5 14 14 14 14 
   1  5 14 30 30 30 
   1  5 14 30 55 55 
   1  5 14 30 55 91 
-------------------------------
Updating column 0 with the factors:
   1  1  1  1  1  1 
   1  5  5  5  5  5 
   1  5 14 14 14 14 
   1  5 14 30 30 30 
   1  5 14 30 55 55 
   1  5 14 30 55 91 
-------------------------------
Updating the lower-right matrix:
   1  1  1  1  1  1 
   1  4  4  4  4  4 
   1  4 13 13 13 13 
   1  4 13 29 29 29 
   1  4 13 29 54 54 
   1  4 13 29 54 90 
-------------------------------
Updating column 1 with the factors:
   1  1  1  1  1  1 
   1  4  4  4  4  4 
   1  1 13 13 13 13 
   1  1 13 29 29 29 
   1  1 13 29 54 54 
   1  1 13 29 54 90 
-------------------------------
Updating the lower-right matrix:
   1  1  1  1  1  1 
   1  4  4  4  4  4 
   1  1  9  9  9  9 
   1  1  9 25 25 25 
   1  1  9 25 50 50 
   1  1  9 25 50 86 
-------------------------------
Updating column 2 with the factors:
   1  1  1  1  1  1 
   1  4  4  4  4  4 
   1  1  9  9  9  9 
   1  1  1 25 25 25 
   1  1  1 25 50 50 
   1  1  1 25 50 86 
-------------------------------
Updating the lower-right matrix:
   1  1  1  1  1  1 
   1  4  4  4  4  4 
   1  1  9  9  9  9 
   1  1  1 16 16 16 
   1  1  1 16 41 41 
   1  1  1 16 41 77 
-------------------------------
Updating column 3 with the factors:
   1  1  1  1  1  1 
   1  4  4  4  4  4 
   1  1  9  9  9  9 
   1  1  1 16 16 16 
   1  1  1  1 41 41 
   1  1  1  1 41 77 
-------------------------------
Updating the lower-right matrix:
   1  1  1  1  1  1 
   1  4  4  4  4  4 
   1  1  9  9  9  9 
   1  1  1 16 16 16 
   1  1  1  1 25 25 
   1  1  1  1 25 61 
-------------------------------
Updating column 4 with the factors:
   1  1  1  1  1  1 
   1  4  4  4  4  4 
   1  1  9  9  9  9 
   1  1  1 16 16 16 
   1  1  1  1 25 25 
   1  1  1  1  1 61 
-------------------------------
Updating the lower-right matrix:
   1  1  1  1  1  1 
   1  4  4  4  4  4 
   1  1  9  9  9  9 
   1  1  1 16 16 16 
   1  1  1  1 25 25 
   1  1  1  1  1 36 
-------------------------------
